TestMain
------current task  0
current task  1000
current task  2000
current task  3000
current task  4000
current task  5000
current task  6000
current task  7000
current task  8000
current task  9000
current task  10000
current task  11000
current task  12000
current task  13000
current task  14000
current task  15000
current task  16000
current task  17000
current task  18000
current task  19000
current task  20000
current task  21000
current task  22000
current task  23000
panic: test timed out after 6m0s

goroutine 12 [running]:
testing.(*M).startAlarm.func1()
	/root/go/src/testing/testing.go:2029 +0x8e
created by time.goFunc
	/root/go/src/time/sleep.go:176 +0x32

goroutine 1 [chan receive, 3 minutes]:
testing.(*T).Run(0xc00008d860, {0x660de7?, 0x4de705?}, 0x677d48)
	/root/go/src/testing/testing.go:1487 +0x37a
testing.runTests.func1(0xc00008d860?)
	/root/go/src/testing/testing.go:1839 +0x6e
testing.tRunner(0xc00008d860, 0xc0000cdcd8)
	/root/go/src/testing/testing.go:1439 +0x102
testing.runTests(0xc000092f00?, {0x803810, 0x1, 0x1}, {0x7f3fc9a44108?, 0x40?, 0x812760?})
	/root/go/src/testing/testing.go:1837 +0x457
testing.(*M).Run(0xc000092f00)
	/root/go/src/testing/testing.go:1719 +0x5d9
main.main()
	_testmain.go:47 +0x1aa

goroutine 7 [semacquire, 3 minutes]:
sync.runtime_Semacquire(0xc00000e750?)
	/root/go/src/runtime/sema.go:56 +0x25
sync.(*WaitGroup).Wait(0x6b5200?)
	/root/go/src/sync/waitgroup.go:136 +0x52
tomato-redis/test.TestMain(0x0?)
	/root/go-application/tomato-redis/test/test_test.go:32 +0x165
testing.tRunner(0xc00008da00, 0x677d48)
	/root/go/src/testing/testing.go:1439 +0x102
created by testing.(*T).Run
	/root/go/src/testing/testing.go:1486 +0x35f

goroutine 8 [IO wait]:
internal/poll.runtime_pollWait(0x7f3fc98d7a38, 0x72)
	/root/go/src/runtime/netpoll.go:302 +0x89
internal/poll.(*pollDesc).wait(0xc0000e8100?, 0xc0000fd000?, 0x0)
	/root/go/src/internal/poll/fd_poll_runtime.go:83 +0x32
internal/poll.(*pollDesc).waitRead(...)
	/root/go/src/internal/poll/fd_poll_runtime.go:88
internal/poll.(*FD).Read(0xc0000e8100, {0xc0000fd000, 0x1000, 0x1000})
	/root/go/src/internal/poll/fd_unix.go:167 +0x25a
net.(*netFD).Read(0xc0000e8100, {0xc0000fd000?, 0x0?, 0x199?})
	/root/go/src/net/fd_posix.go:55 +0x29
net.(*conn).Read(0xc0000105a8, {0xc0000fd000?, 0x635500?, 0xc00019c200?})
	/root/go/src/net/net.go:183 +0x45
bufio.(*Reader).Read(0xc00006c660, {0xc00001c6a0, 0x1, 0xc0004b9d88?})
	/root/go/src/bufio/bufio.go:236 +0x1b4
io.ReadAtLeast({0x6b4e20, 0xc00006c660}, {0xc00001c6a0, 0x1, 0x9}, 0x1)
	/root/go/src/io/io.go:331 +0x9a
io.ReadFull(...)
	/root/go/src/io/io.go:350
encoding/gob.decodeUintReader({0x6b4e20?, 0xc00006c660?}, {0xc00001c6a0?, 0x9?, 0x9?})
	/root/go/src/encoding/gob/decode.go:120 +0x57
encoding/gob.(*Decoder).recvMessage(0xc0000e8180)
	/root/go/src/encoding/gob/decoder.go:81 +0x39
encoding/gob.(*Decoder).decodeTypeSequence(0xc0000e8180, 0x0)
	/root/go/src/encoding/gob/decoder.go:144 +0x4f
encoding/gob.(*Decoder).DecodeValue(0xc0000e8180, {0x611460?, 0xc0000f03f0?, 0xc0004b9e70?})
	/root/go/src/encoding/gob/decoder.go:223 +0x18f
encoding/gob.(*Decoder).Decode(0xc0000e8180, {0x611460?, 0xc0000f03f0?})
	/root/go/src/encoding/gob/decoder.go:200 +0x137
net/rpc.(*gobClientCodec).ReadResponseHeader(0x6251a0?, 0x613620?)
	/root/go/src/net/rpc/client.go:228 +0x27
net/rpc.(*Client).input(0xc00006c720)
	/root/go/src/net/rpc/client.go:109 +0xb4
created by net/rpc.NewClientWithCodec
	/root/go/src/net/rpc/client.go:206 +0xc5

goroutine 18 [IO wait]:
internal/poll.runtime_pollWait(0x7f3fc98d7948, 0x72)
	/root/go/src/runtime/netpoll.go:302 +0x89
internal/poll.(*pollDesc).wait(0xc0000e8280?, 0xc00011a000?, 0x0)
	/root/go/src/internal/poll/fd_poll_runtime.go:83 +0x32
internal/poll.(*pollDesc).waitRead(...)
	/root/go/src/internal/poll/fd_poll_runtime.go:88
internal/poll.(*FD).Read(0xc0000e8280, {0xc00011a000, 0x1000, 0x1000})
	/root/go/src/internal/poll/fd_unix.go:167 +0x25a
net.(*netFD).Read(0xc0000e8280, {0xc00011a000?, 0x38?, 0x199?})
	/root/go/src/net/fd_posix.go:55 +0x29
net.(*conn).Read(0xc000108010, {0xc00011a000?, 0x635500?, 0xc000247600?})
	/root/go/src/net/net.go:183 +0x45
bufio.(*Reader).Read(0xc000100180, {0xc00010c030, 0x1, 0xc0000add88?})
	/root/go/src/bufio/bufio.go:236 +0x1b4
io.ReadAtLeast({0x6b4e20, 0xc000100180}, {0xc00010c030, 0x1, 0x9}, 0x1)
	/root/go/src/io/io.go:331 +0x9a
io.ReadFull(...)
	/root/go/src/io/io.go:350
encoding/gob.decodeUintReader({0x6b4e20?, 0xc000100180?}, {0xc00010c030?, 0x9?, 0x9?})
	/root/go/src/encoding/gob/decode.go:120 +0x57
encoding/gob.(*Decoder).recvMessage(0xc000110080)
	/root/go/src/encoding/gob/decoder.go:81 +0x39
encoding/gob.(*Decoder).decodeTypeSequence(0xc000110080, 0x0)
	/root/go/src/encoding/gob/decoder.go:144 +0x4f
encoding/gob.(*Decoder).DecodeValue(0xc000110080, {0x611460?, 0xc000102480?, 0xc0000ade70?})
	/root/go/src/encoding/gob/decoder.go:223 +0x18f
encoding/gob.(*Decoder).Decode(0xc000110080, {0x611460?, 0xc000102480?})
	/root/go/src/encoding/gob/decoder.go:200 +0x137
net/rpc.(*gobClientCodec).ReadResponseHeader(0x6251a0?, 0x613620?)
	/root/go/src/net/rpc/client.go:228 +0x27
net/rpc.(*Client).input(0xc000100240)
	/root/go/src/net/rpc/client.go:109 +0xb4
created by net/rpc.NewClientWithCodec
	/root/go/src/net/rpc/client.go:206 +0xc5

goroutine 9 [IO wait]:
internal/poll.runtime_pollWait(0x7f3fc98d7858, 0x72)
	/root/go/src/runtime/netpoll.go:302 +0x89
internal/poll.(*pollDesc).wait(0xc000110200?, 0xc000180000?, 0x0)
	/root/go/src/internal/poll/fd_poll_runtime.go:83 +0x32
internal/poll.(*pollDesc).waitRead(...)
	/root/go/src/internal/poll/fd_poll_runtime.go:88
internal/poll.(*FD).Read(0xc000110200, {0xc000180000, 0x1000, 0x1000})
	/root/go/src/internal/poll/fd_unix.go:167 +0x25a
net.(*netFD).Read(0xc000110200, {0xc000180000?, 0x0?, 0x199?})
	/root/go/src/net/fd_posix.go:55 +0x29
net.(*conn).Read(0xc0000105b8, {0xc000180000?, 0x635500?, 0xc00019c1e0?})
	/root/go/src/net/net.go:183 +0x45
bufio.(*Reader).Read(0xc00006c7e0, {0xc00001c6c0, 0x1, 0xc0004bbd88?})
	/root/go/src/bufio/bufio.go:236 +0x1b4
io.ReadAtLeast({0x6b4e20, 0xc00006c7e0}, {0xc00001c6c0, 0x1, 0x9}, 0x1)
	/root/go/src/io/io.go:331 +0x9a
io.ReadFull(...)
	/root/go/src/io/io.go:350
encoding/gob.decodeUintReader({0x6b4e20?, 0xc00006c7e0?}, {0xc00001c6c0?, 0x9?, 0x9?})
	/root/go/src/encoding/gob/decode.go:120 +0x57
encoding/gob.(*Decoder).recvMessage(0xc0000e8300)
	/root/go/src/encoding/gob/decoder.go:81 +0x39
encoding/gob.(*Decoder).decodeTypeSequence(0xc0000e8300, 0x0)
	/root/go/src/encoding/gob/decoder.go:144 +0x4f
encoding/gob.(*Decoder).DecodeValue(0xc0000e8300, {0x611460?, 0xc0001024b0?, 0xc0004bbe70?})
	/root/go/src/encoding/gob/decoder.go:223 +0x18f
encoding/gob.(*Decoder).Decode(0xc0000e8300, {0x611460?, 0xc0001024b0?})
	/root/go/src/encoding/gob/decoder.go:200 +0x137
net/rpc.(*gobClientCodec).ReadResponseHeader(0x6251a0?, 0x613620?)
	/root/go/src/net/rpc/client.go:228 +0x27
net/rpc.(*Client).input(0xc00006c8a0)
	/root/go/src/net/rpc/client.go:109 +0xb4
created by net/rpc.NewClientWithCodec
	/root/go/src/net/rpc/client.go:206 +0xc5

goroutine 10 [chan receive]:
net/rpc.(*Client).Call(...)
	/root/go/src/net/rpc/client.go:321
tomato-redis/myrpc.(*ClientEnd).Call(0xc0002484a0?, {0x664450, 0x12}, {0x613660, 0xc00024a280}, {0x6136a0, 0xc000240300})
	/root/go-application/tomato-redis/myrpc/rpc.go:13 +0xaf
tomato-redis/kvraft.(*Clerk).PutAppend(0xc0000ee080, {0x66b81a, 0x1}, {0xc0002484a0, 0x3}, {0x65fb1b, 0x3})
	/root/go-application/tomato-redis/kvraft/client.go:134 +0x2c5
tomato-redis/kvraft.(*Clerk).Put(...)
	/root/go-application/tomato-redis/kvraft/client.go:162
tomato-redis/test.One(0x0?, 0x0?)
	/root/go-application/tomato-redis/test/test_test.go:57 +0x33b
created by tomato-redis/test.TestMain
	/root/go-application/tomato-redis/test/test_test.go:28 +0x158
FAIL	tomato-redis/test	360.007s
FAIL
